# JRE version: OpenJDK Runtime Environment Temurin-17.0.2+8 (17.0.2+8) (build 17.0.2+8)
# Java VM: OpenJDK 64-Bit Server VM Temurin-17.0.2+8 (17.0.2+8, mixed mode, tiered, compressed oops, compressed class ptrs, parallel gc, windows-amd64)
GC Precious Log:
 CPUs: 8 total, 8 available
 Memory: 8037M
 Large Page Support: Disabled
 NUMA Support: Disabled
 Compressed Oops: Enabled (32-bit)
 Alignments: Space 512K, Generation 512K, Heap 2M
 Heap Min Capacity: 100M
 Heap Initial Capacity: 100M
 Heap Max Capacity: 1G
 Pre-touch: Disabled
 Parallel Workers: 8
Heap:
 PSYoungGen      total 2048K, used 1196K [0x00000000eab00000, 0x00000000eae00000, 0x0000000100000000)
  eden space 1024K, 46% used [0x00000000eab00000,0x00000000eab77600,0x00000000eac00000)
  from space 1024K, 70% used [0x00000000eac00000,0x00000000eacb3b00,0x00000000ead00000)
  to   space 1024K, 0% used [0x00000000ead00000,0x00000000ead00000,0x00000000eae00000)
 ParOldGen       total 113664K, used 90198K [0x00000000c0000000, 0x00000000c6f00000, 0x00000000eab00000)
  object space 113664K, 79% used [0x00000000c0000000,0x00000000c5815a50,0x00000000c6f00000)
 Metaspace       used 88006K, committed 89088K, reserved 1130496K
  class space    used 8893K, committed 9344K, reserved 1048576K
GC Heap History (20 events):
Event: 723.484 GC heap before
{Heap before GC invocations=1237 (full 33):
 PSYoungGen      total 2560K, used 1863K [0x00000000eab00000, 0x00000000eae80000, 0x0000000100000000)
  eden space 1024K, 100% used [0x00000000eab00000,0x00000000eac00000,0x00000000eac00000)
  from space 1536K, 54% used [0x00000000eac00000,0x00000000eacd1c50,0x00000000ead80000)
  to   space 1024K, 0% used [0x00000000ead80000,0x00000000ead80000,0x00000000eae80000)
 ParOldGen       total 113664K, used 84526K [0x00000000c0000000, 0x00000000c6f00000, 0x00000000eab00000)
  object space 113664K, 74% used [0x00000000c0000000,0x00000000c528bb18,0x00000000c6f00000)
 Metaspace       used 87801K, committed 88896K, reserved 1130496K
  class space    used 8863K, committed 9344K, reserved 1048576K
}
Event: 723.487 GC heap after
{Heap after GC invocations=1237 (full 33):
 PSYoungGen      total 2048K, used 750K [0x00000000eab00000, 0x00000000eae80000, 0x0000000100000000)
  eden space 1024K, 0% used [0x00000000eab00000,0x00000000eab00000,0x00000000eac00000)
  from space 1024K, 73% used [0x00000000ead80000,0x00000000eae3bb00,0x00000000eae80000)
  to   space 1024K, 0% used [0x00000000eac80000,0x00000000eac80000,0x00000000ead80000)
 ParOldGen       total 113664K, used 84526K [0x00000000c0000000, 0x00000000c6f00000, 0x00000000eab00000)
  object space 113664K, 74% used [0x00000000c0000000,0x00000000c528bb18,0x00000000c6f00000)
 Metaspace       used 87801K, committed 88896K, reserved 1130496K
  class space    used 8863K, committed 9344K, reserved 1048576K
}
Event: 723.515 GC heap before
{Heap before GC invocations=1238 (full 33):
 PSYoungGen      total 2048K, used 1774K [0x00000000eab00000, 0x00000000eae80000, 0x0000000100000000)
  eden space 1024K, 100% used [0x00000000eab00000,0x00000000eac00000,0x00000000eac00000)
  from space 1024K, 73% used [0x00000000ead80000,0x00000000eae3bb00,0x00000000eae80000)
  to   space 1024K, 0% used [0x00000000eac80000,0x00000000eac80000,0x00000000ead80000)
 ParOldGen       total 113664K, used 84526K [0x00000000c0000000, 0x00000000c6f00000, 0x00000000eab00000)
  object space 113664K, 74% used [0x00000000c0000000,0x00000000c528bb18,0x00000000c6f00000)
 Metaspace       used 87801K, committed 88896K, reserved 1130496K
  class space    used 8863K, committed 9344K, reserved 1048576K
}
Event: 723.517 GC heap after
{Heap after GC invocations=1238 (full 33):
 PSYoungGen      total 2048K, used 993K [0x00000000eab00000, 0x00000000eaf00000, 0x0000000100000000)
  eden space 1024K, 0% used [0x00000000eab00000,0x00000000eab00000,0x00000000eac00000)
  from space 1024K, 97% used [0x00000000eac80000,0x00000000ead78598,0x00000000ead80000)
  to   space 1536K, 0% used [0x00000000ead80000,0x00000000ead80000,0x00000000eaf00000)
 ParOldGen       total 113664K, used 84550K [0x00000000c0000000, 0x00000000c6f00000, 0x00000000eab00000)
  object space 113664K, 74% used [0x00000000c0000000,0x00000000c5291b18,0x00000000c6f00000)
 Metaspace       used 87801K, committed 88896K, reserved 1130496K
  class space    used 8863K, committed 9344K, reserved 1048576K
}
Event: 723.570 GC heap before
{Heap before GC invocations=1239 (full 33):
 PSYoungGen      total 2048K, used 2017K [0x00000000eab00000, 0x00000000eaf00000, 0x0000000100000000)
  eden space 1024K, 100% used [0x00000000eab00000,0x00000000eac00000,0x00000000eac00000)
  from space 1024K, 97% used [0x00000000eac80000,0x00000000ead78598,0x00000000ead80000)
  to   space 1536K, 0% used [0x00000000ead80000,0x00000000ead80000,0x00000000eaf00000)
 ParOldGen       total 113664K, used 84550K [0x00000000c0000000, 0x00000000c6f00000, 0x00000000eab00000)
  object space 113664K, 74% used [0x00000000c0000000,0x00000000c5291b18,0x00000000c6f00000)
 Metaspace       used 87801K, committed 88896K, reserved 1130496K
  class space    used 8863K, committed 9344K, reserved 1048576K
}
Event: 723.574 GC heap after
{Heap after GC invocations=1239 (full 33):
 PSYoungGen      total 2560K, used 1310K [0x00000000eab00000, 0x00000000eaf00000, 0x0000000100000000)
  eden space 1024K, 0% used [0x00000000eab00000,0x00000000eab00000,0x00000000eac00000)
  from space 1536K, 85% used [0x00000000ead80000,0x00000000eaec79a0,0x00000000eaf00000)
  to   space 1536K, 0% used [0x00000000eac00000,0x00000000eac00000,0x00000000ead80000)
 ParOldGen       total 113664K, used 85175K [0x00000000c0000000, 0x00000000c6f00000, 0x00000000eab00000)
  object space 113664K, 74% used [0x00000000c0000000,0x00000000c532df18,0x00000000c6f00000)
 Metaspace       used 87801K, committed 88896K, reserved 1130496K
  class space    used 8863K, committed 9344K, reserved 1048576K
}
Event: 723.635 GC heap before
{Heap before GC invocations=1240 (full 33):
 PSYoungGen      total 2560K, used 2334K [0x00000000eab00000, 0x00000000eaf00000, 0x0000000100000000)
  eden space 1024K, 100% used [0x00000000eab00000,0x00000000eac00000,0x00000000eac00000)
  from space 1536K, 85% used [0x00000000ead80000,0x00000000eaec79a0,0x00000000eaf00000)
  to   space 1536K, 0% used [0x00000000eac00000,0x00000000eac00000,0x00000000ead80000)
 ParOldGen       total 113664K, used 85175K [0x00000000c0000000, 0x00000000c6f00000, 0x00000000eab00000)
  object space 113664K, 74% used [0x00000000c0000000,0x00000000c532df18,0x00000000c6f00000)
 Metaspace       used 87801K, committed 88896K, reserved 1130496K
  class space    used 8863K, committed 9344K, reserved 1048576K
}
Event: 723.639 GC heap after
{Heap after GC invocations=1240 (full 33):
 PSYoungGen      total 2560K, used 1518K [0x00000000eab00000, 0x00000000eb100000, 0x0000000100000000)
  eden space 1024K, 0% used [0x00000000eab00000,0x00000000eab00000,0x00000000eac00000)
  from space 1536K, 98% used [0x00000000eac00000,0x00000000ead7b950,0x00000000ead80000)
  to   space 2560K, 0% used [0x00000000eae80000,0x00000000eae80000,0x00000000eb100000)
 ParOldGen       total 113664K, used 85794K [0x00000000c0000000, 0x00000000c6f00000, 0x00000000eab00000)
  object space 113664K, 75% used [0x00000000c0000000,0x00000000c53c8828,0x00000000c6f00000)
 Metaspace       used 87801K, committed 88896K, reserved 1130496K
  class space    used 8863K, committed 9344K, reserved 1048576K
}
Event: 723.719 GC heap before
{Heap before GC invocations=1241 (full 33):
 PSYoungGen      total 2560K, used 2542K [0x00000000eab00000, 0x00000000eb100000, 0x0000000100000000)
  eden space 1024K, 99% used [0x00000000eab00000,0x00000000eabfffd8,0x00000000eac00000)
  from space 1536K, 98% used [0x00000000eac00000,0x00000000ead7b950,0x00000000ead80000)
  to   space 2560K, 0% used [0x00000000eae80000,0x00000000eae80000,0x00000000eb100000)
 ParOldGen       total 113664K, used 85794K [0x00000000c0000000, 0x00000000c6f00000, 0x00000000eab00000)
  object space 113664K, 75% used [0x00000000c0000000,0x00000000c53c8828,0x00000000c6f00000)
 Metaspace       used 87801K, committed 88896K, reserved 1130496K
  class space    used 8863K, committed 9344K, reserved 1048576K
}
Event: 723.722 GC heap after
{Heap after GC invocations=1241 (full 33):
 PSYoungGen      total 2048K, used 998K [0x00000000eab00000, 0x00000000eaf80000, 0x0000000100000000)
  eden space 1024K, 0% used [0x00000000eab00000,0x00000000eab00000,0x00000000eac00000)
  from space 1024K, 97% used [0x00000000eae80000,0x00000000eaf798e8,0x00000000eaf80000)
  to   space 1536K, 0% used [0x00000000eac80000,0x00000000eac80000,0x00000000eae00000)
 ParOldGen       total 113664K, used 87309K [0x00000000c0000000, 0x00000000c6f00000, 0x00000000eab00000)
  object space 113664K, 76% used [0x00000000c0000000,0x00000000c5543790,0x00000000c6f00000)
 Metaspace       used 87801K, committed 88896K, reserved 1130496K
  class space    used 8863K, committed 9344K, reserved 1048576K
}
Event: 723.791 GC heap before
{Heap before GC invocations=1242 (full 33):
 PSYoungGen      total 2048K, used 2009K [0x00000000eab00000, 0x00000000eaf80000, 0x0000000100000000)
  eden space 1024K, 98% used [0x00000000eab00000,0x00000000eabfcd18,0x00000000eac00000)
  from space 1024K, 97% used [0x00000000eae80000,0x00000000eaf798e8,0x00000000eaf80000)
  to   space 1536K, 0% used [0x00000000eac80000,0x00000000eac80000,0x00000000eae00000)
 ParOldGen       total 113664K, used 87309K [0x00000000c0000000, 0x00000000c6f00000, 0x00000000eab00000)
  object space 113664K, 76% used [0x00000000c0000000,0x00000000c5543790,0x00000000c6f00000)
 Metaspace       used 87801K, committed 88896K, reserved 1130496K
  class space    used 8863K, committed 9344K, reserved 1048576K
}
Event: 723.795 GC heap after
{Heap after GC invocations=1242 (full 33):
 PSYoungGen      total 2560K, used 1521K [0x00000000eab00000, 0x00000000eb000000, 0x0000000100000000)
  eden space 1024K, 0% used [0x00000000eab00000,0x00000000eab00000,0x00000000eac00000)
  from space 1536K, 99% used [0x00000000eac80000,0x00000000eadfc4e0,0x00000000eae00000)
  to   space 2048K, 0% used [0x00000000eae00000,0x00000000eae00000,0x00000000eb000000)
 ParOldGen       total 113664K, used 87421K [0x00000000c0000000, 0x00000000c6f00000, 0x00000000eab00000)
  object space 113664K, 76% used [0x00000000c0000000,0x00000000c555f610,0x00000000c6f00000)
 Metaspace       used 87801K, committed 88896K, reserved 1130496K
  class space    used 8863K, committed 9344K, reserved 1048576K
}
Event: 723.836 GC heap before
{Heap before GC invocations=1243 (full 33):
 PSYoungGen      total 2560K, used 2545K [0x00000000eab00000, 0x00000000eb000000, 0x0000000100000000)
  eden space 1024K, 100% used [0x00000000eab00000,0x00000000eac00000,0x00000000eac00000)
  from space 1536K, 99% used [0x00000000eac80000,0x00000000eadfc4e0,0x00000000eae00000)
  to   space 2048K, 0% used [0x00000000eae00000,0x00000000eae00000,0x00000000eb000000)
 ParOldGen       total 113664K, used 87421K [0x00000000c0000000, 0x00000000c6f00000, 0x00000000eab00000)
  object space 113664K, 76% used [0x00000000c0000000,0x00000000c555f610,0x00000000c6f00000)
 Metaspace       used 87801K, committed 88896K, reserved 1130496K
  class space    used 8863K, committed 9344K, reserved 1048576K
}
Event: 723.841 GC heap after
{Heap after GC invocations=1243 (full 33):
 PSYoungGen      total 2048K, used 990K [0x00000000eab00000, 0x00000000eaf00000, 0x0000000100000000)
  eden space 1024K, 0% used [0x00000000eab00000,0x00000000eab00000,0x00000000eac00000)
  from space 1024K, 96% used [0x00000000eae00000,0x00000000eaef7840,0x00000000eaf00000)
  to   space 1536K, 0% used [0x00000000eac00000,0x00000000eac00000,0x00000000ead80000)
 ParOldGen       total 113664K, used 88933K [0x00000000c0000000, 0x00000000c6f00000, 0x00000000eab00000)
  object space 113664K, 78% used [0x00000000c0000000,0x00000000c56d9548,0x00000000c6f00000)
 Metaspace       used 87801K, committed 88896K, reserved 1130496K
  class space    used 8863K, committed 9344K, reserved 1048576K
}
Event: 723.880 GC heap before
{Heap before GC invocations=1244 (full 33):
 PSYoungGen      total 2048K, used 2014K [0x00000000eab00000, 0x00000000eaf00000, 0x0000000100000000)
  eden space 1024K, 100% used [0x00000000eab00000,0x00000000eac00000,0x00000000eac00000)
  from space 1024K, 96% used [0x00000000eae00000,0x00000000eaef7840,0x00000000eaf00000)
  to   space 1536K, 0% used [0x00000000eac00000,0x00000000eac00000,0x00000000ead80000)
 ParOldGen       total 113664K, used 88933K [0x00000000c0000000, 0x00000000c6f00000, 0x00000000eab00000)
  object space 113664K, 78% used [0x00000000c0000000,0x00000000c56d9548,0x00000000c6f00000)
 Metaspace       used 87801K, committed 88896K, reserved 1130496K
  class space    used 8863K, committed 9344K, reserved 1048576K
}
Event: 723.883 GC heap after
{Heap after GC invocations=1244 (full 33):
 PSYoungGen      total 2560K, used 821K [0x00000000eab00000, 0x00000000eae80000, 0x0000000100000000)
  eden space 1024K, 0% used [0x00000000eab00000,0x00000000eab00000,0x00000000eac00000)
  from space 1536K, 53% used [0x00000000eac00000,0x00000000eaccd4c8,0x00000000ead80000)
  to   space 1024K, 0% used [0x00000000ead80000,0x00000000ead80000,0x00000000eae80000)
 ParOldGen       total 113664K, used 89782K [0x00000000c0000000, 0x00000000c6f00000, 0x00000000eab00000)
  object space 113664K, 78% used [0x00000000c0000000,0x00000000c57ada50,0x00000000c6f00000)
 Metaspace       used 87801K, committed 88896K, reserved 1130496K
  class space    used 8863K, committed 9344K, reserved 1048576K
}
Event: 724.041 GC heap before
{Heap before GC invocations=1245 (full 33):
 PSYoungGen      total 2560K, used 1845K [0x00000000eab00000, 0x00000000eae80000, 0x0000000100000000)
  eden space 1024K, 100% used [0x00000000eab00000,0x00000000eac00000,0x00000000eac00000)
  from space 1536K, 53% used [0x00000000eac00000,0x00000000eaccd4c8,0x00000000ead80000)
  to   space 1024K, 0% used [0x00000000ead80000,0x00000000ead80000,0x00000000eae80000)
 ParOldGen       total 113664K, used 89782K [0x00000000c0000000, 0x00000000c6f00000, 0x00000000eab00000)
  object space 113664K, 78% used [0x00000000c0000000,0x00000000c57ada50,0x00000000c6f00000)
 Metaspace       used 87979K, committed 89088K, reserved 1130496K
  class space    used 8889K, committed 9344K, reserved 1048576K
}
Event: 724.044 GC heap after
{Heap after GC invocations=1245 (full 33):
 PSYoungGen      total 1536K, used 346K [0x00000000eab00000, 0x00000000eae00000, 0x0000000100000000)
  eden space 1024K, 0% used [0x00000000eab00000,0x00000000eab00000,0x00000000eac00000)
  from space 512K, 67% used [0x00000000ead80000,0x00000000eadd6900,0x00000000eae00000)
  to   space 1024K, 0% used [0x00000000eac00000,0x00000000eac00000,0x00000000ead00000)
 ParOldGen       total 113664K, used 90198K [0x00000000c0000000, 0x00000000c6f00000, 0x00000000eab00000)
  object space 113664K, 79% used [0x00000000c0000000,0x00000000c5815a50,0x00000000c6f00000)
 Metaspace       used 87979K, committed 89088K, reserved 1130496K
  class space    used 8889K, committed 9344K, reserved 1048576K
}
Event: 724.097 GC heap before
{Heap before GC invocations=1246 (full 33):
 PSYoungGen      total 1536K, used 1370K [0x00000000eab00000, 0x00000000eae00000, 0x0000000100000000)
  eden space 1024K, 100% used [0x00000000eab00000,0x00000000eac00000,0x00000000eac00000)
  from space 512K, 67% used [0x00000000ead80000,0x00000000eadd6900,0x00000000eae00000)
  to   space 1024K, 0% used [0x00000000eac00000,0x00000000eac00000,0x00000000ead00000)
 ParOldGen       total 113664K, used 90198K [0x00000000c0000000, 0x00000000c6f00000, 0x00000000eab00000)
  object space 113664K, 79% used [0x00000000c0000000,0x00000000c5815a50,0x00000000c6f00000)
 Metaspace       used 87999K, committed 89088K, reserved 1130496K
  class space    used 8892K, committed 9344K, reserved 1048576K
}
Event: 724.100 GC heap after
{Heap after GC invocations=1246 (full 33):
 PSYoungGen      total 2048K, used 718K [0x00000000eab00000, 0x00000000eae00000, 0x0000000100000000)
  eden space 1024K, 0% used [0x00000000eab00000,0x00000000eab00000,0x00000000eac00000)
  from space 1024K, 70% used [0x00000000eac00000,0x00000000eacb3b00,0x00000000ead00000)
  to   space 1024K, 0% used [0x00000000ead00000,0x00000000ead00000,0x00000000eae00000)
 ParOldGen       total 113664K, used 90198K [0x00000000c0000000, 0x00000000c6f00000, 0x00000000eab00000)
  object space 113664K, 79% used [0x00000000c0000000,0x00000000c5815a50,0x00000000c6f00000)
 Metaspace       used 87999K, committed 89088K, reserved 1130496K
  class space    used 8892K, committed 9344K, reserved 1048576K
}

